[0.013s] Invoking command in '/home/river/deliveryRobot_ws/build/slam_gmapping': AMENT_PREFIX_PATH=/home/river/deliveryRobot_ws/install/openslam_gmapping:${AMENT_PREFIX_PATH} CMAKE_PREFIX_PATH=/home/river/deliveryRobot_ws/install/openslam_gmapping:/opt/ros/humble LD_LIBRARY_PATH=/home/river/deliveryRobot_ws/install/openslam_gmapping/lib:${LD_LIBRARY_PATH} /usr/bin/cmake /home/river/deliveryRobot_ws/src/slam_gmapping/slam_gmapping -DCMAKE_INSTALL_PREFIX=/home/river/deliveryRobot_ws/install/slam_gmapping
[0.129s] -- The C compiler identification is GNU 11.3.0
[0.197s] -- The CXX compiler identification is GNU 11.3.0
[0.215s] -- Detecting C compiler ABI info
[0.310s] -- Detecting C compiler ABI info - done
[0.317s] -- Check for working C compiler: /usr/bin/cc - skipped
[0.317s] -- Detecting C compile features
[0.320s] -- Detecting C compile features - done
[0.334s] -- Detecting CXX compiler ABI info
[0.433s] -- Detecting CXX compiler ABI info - done
[0.454s] -- Check for working CXX compiler: /usr/bin/c++ - skipped
[0.454s] -- Detecting CXX compile features
[0.455s] -- Detecting CXX compile features - done
[0.456s] [0m -fuse-ld=lld -Wl,--disable-new-dtags[0m
[0.459s] -- Found ament_cmake: 1.3.3 (/opt/ros/humble/share/ament_cmake/cmake)
[0.732s] -- Found Python3: /usr/bin/python3.10 (found version "3.10.6") found components: Interpreter 
[0.898s] -- Found std_msgs: 4.2.3 (/opt/ros/humble/share/std_msgs/cmake)
[0.995s] -- Found rosidl_generator_c: 3.1.4 (/opt/ros/humble/share/rosidl_generator_c/cmake)
[1.005s] -- Found rosidl_adapter: 3.1.4 (/opt/ros/humble/share/rosidl_adapter/cmake)
[1.029s] -- Found rosidl_generator_cpp: 3.1.4 (/opt/ros/humble/share/rosidl_generator_cpp/cmake)
[1.064s] -- Using all available rosidl_typesupport_c: rosidl_typesupport_fastrtps_c;rosidl_typesupport_introspection_c
[1.105s] -- Using all available rosidl_typesupport_cpp: rosidl_typesupport_fastrtps_cpp;rosidl_typesupport_introspection_cpp
[1.196s] -- Found nav_msgs: 4.2.3 (/opt/ros/humble/share/nav_msgs/cmake)
[1.366s] -- Found tf2: 0.25.2 (/opt/ros/humble/share/tf2/cmake)
[1.393s] -- Found tf2_ros: 0.25.2 (/opt/ros/humble/share/tf2_ros/cmake)
[1.628s] -- Found rmw_implementation_cmake: 6.1.1 (/opt/ros/humble/share/rmw_implementation_cmake/cmake)
[1.633s] -- Found rmw_fastrtps_cpp: 6.2.2 (/opt/ros/humble/share/rmw_fastrtps_cpp/cmake)
[1.777s] -- Found OpenSSL: /usr/lib/x86_64-linux-gnu/libcrypto.so (found version "3.0.2")  
[1.817s] -- Found FastRTPS: /opt/ros/humble/include  
[1.875s] -- Using RMW implementation 'rmw_fastrtps_cpp' as default
[1.900s] -- Looking for pthread.h
[1.981s] -- Looking for pthread.h - found
[1.981s] -- Performing Test CMAKE_HAVE_LIBC_PTHREAD
[2.069s] -- Performing Test CMAKE_HAVE_LIBC_PTHREAD - Success
[2.073s] -- Found Threads: TRUE  
[2.641s] -- Found tf2_geometry_msgs: 0.25.2 (/opt/ros/humble/share/tf2_geometry_msgs/cmake)
[2.661s] -- Found eigen3_cmake_module: 0.1.1 (/opt/ros/humble/share/eigen3_cmake_module/cmake)
[2.664s] -- Found Eigen3: TRUE (found version "3.4.0") 
[2.665s] -- Ensuring Eigen3 include directory is part of orocos-kdl CMake target
[2.677s] -- Found sensor_msgs: 4.2.3 (/opt/ros/humble/share/sensor_msgs/cmake)
[2.790s] -- Found visualization_msgs: 4.2.3 (/opt/ros/humble/share/visualization_msgs/cmake)
[2.947s] -- Found openslam_gmapping: 0.1.2 (/home/river/deliveryRobot_ws/install/openslam_gmapping/share/openslam_gmapping/cmake)
[2.952s] -- Found ament_lint_auto: 0.12.5 (/opt/ros/humble/share/ament_lint_auto/cmake)
[3.083s] -- Added test 'cppcheck' to perform static code analysis on C / C++ code
[3.084s] -- Configured cppcheck include dirs: /home/river/deliveryRobot_ws/src/slam_gmapping/slam_gmapping/include
[3.084s] -- Configured cppcheck exclude dirs and/or files: 
[3.085s] -- Added test 'flake8' to check Python code syntax and style conventions
[3.088s] -- Added test 'lint_cmake' to check CMake code style
[3.090s] -- Added test 'pep257' to check Python code against some of the docstring style conventions in PEP 257
[3.092s] -- Added test 'uncrustify' to check C / C++ code style
[3.092s] -- Configured uncrustify additional arguments: 
[3.093s] -- Added test 'xmllint' to check XML markup files
[3.094s] -- Configuring done
[3.111s] -- Generating done
[3.113s] -- Build files have been written to: /home/river/deliveryRobot_ws/build/slam_gmapping
[3.128s] Invoked command in '/home/river/deliveryRobot_ws/build/slam_gmapping' returned '0': AMENT_PREFIX_PATH=/home/river/deliveryRobot_ws/install/openslam_gmapping:${AMENT_PREFIX_PATH} CMAKE_PREFIX_PATH=/home/river/deliveryRobot_ws/install/openslam_gmapping:/opt/ros/humble LD_LIBRARY_PATH=/home/river/deliveryRobot_ws/install/openslam_gmapping/lib:${LD_LIBRARY_PATH} /usr/bin/cmake /home/river/deliveryRobot_ws/src/slam_gmapping/slam_gmapping -DCMAKE_INSTALL_PREFIX=/home/river/deliveryRobot_ws/install/slam_gmapping
[3.129s] Invoking command in '/home/river/deliveryRobot_ws/build/slam_gmapping': AMENT_PREFIX_PATH=/home/river/deliveryRobot_ws/install/openslam_gmapping:${AMENT_PREFIX_PATH} CMAKE_PREFIX_PATH=/home/river/deliveryRobot_ws/install/openslam_gmapping:/opt/ros/humble LD_LIBRARY_PATH=/home/river/deliveryRobot_ws/install/openslam_gmapping/lib:${LD_LIBRARY_PATH} /usr/bin/cmake --build /home/river/deliveryRobot_ws/build/slam_gmapping -- -j1 -l1
[3.184s] [ 50%] [32mBuilding CXX object CMakeFiles/slam_gmapping.dir/src/slam_gmapping.cpp.o[0m
[3.712s] In file included from [01m[K/home/river/deliveryRobot_ws/src/slam_gmapping/slam_gmapping/include/slam_gmapping/slam_gmapping.h:38[m[K,
[3.712s]                  from [01m[K/home/river/deliveryRobot_ws/src/slam_gmapping/slam_gmapping/src/slam_gmapping.cpp:24[m[K:
[3.712s] [01m[K/opt/ros/humble/include/tf2_geometry_msgs/tf2_geometry_msgs/tf2_geometry_msgs.h:35:2:[m[K [01;35m[Kwarning: [m[K#warning This header is obsolete, please include tf2_geometry_msgs/tf2_geometry_msgs.hpp instead [[01;35m[K]8;;https://gcc.gnu.org/onlinedocs/gcc/Warning-Options.html#index-Wcpp-Wcpp]8;;[m[K]
[3.712s]    35 | #[01;35m[Kwarning[m[K This header is obsolete, please include tf2_geometry_msgs/tf2_geometry_msgs.hpp instead
[3.712s]       |  [01;35m[K^~~~~~~[m[K
[7.124s] In file included from [01m[K/home/river/deliveryRobot_ws/install/openslam_gmapping/include/gmapping/gridfastslam/gridslamprocessor.h:9[m[K,
[7.124s]                  from [01m[K/home/river/deliveryRobot_ws/src/slam_gmapping/slam_gmapping/include/slam_gmapping/slam_gmapping.h:45[m[K,
[7.124s]                  from [01m[K/home/river/deliveryRobot_ws/src/slam_gmapping/slam_gmapping/src/slam_gmapping.cpp:24[m[K:
[7.124s] [01m[K/home/river/deliveryRobot_ws/install/openslam_gmapping/include/gmapping/particlefilter/particlefilter.h:[m[K In function ‘[01m[Kvoid rle(OutputIterator&, const Iterator&, const Iterator&)[m[K’:
[7.124s] [01m[K/home/river/deliveryRobot_ws/install/openslam_gmapping/include/gmapping/particlefilter/particlefilter.h:140:9:[m[K [01;35m[Kwarning: [m[Kthis ‘[01m[Kif[m[K’ clause does not guard... [[01;35m[K]8;;https://gcc.gnu.org/onlinedocs/gcc/Warning-Options.html#index-Wmisleading-indentation-Wmisleading-indentation]8;;[m[K]
[7.124s]   140 |         [01;35m[Kif[m[K (count>0)
[7.125s]       |         [01;35m[K^~[m[K
[7.125s] [01m[K/home/river/deliveryRobot_ws/install/openslam_gmapping/include/gmapping/particlefilter/particlefilter.h:142:17:[m[K [01;36m[Knote: [m[K...this statement, but the latter is misleadingly indented as if it were guarded by the ‘[01m[Kif[m[K’
[7.125s]   142 |                 [01;36m[Kout[m[K++;
[7.125s]       |                 [01;36m[K^~~[m[K
[22.479s] [100%] [32m[1mLinking CXX executable slam_gmapping[0m
[23.623s] [100%] Built target slam_gmapping
[23.634s] Invoked command in '/home/river/deliveryRobot_ws/build/slam_gmapping' returned '0': AMENT_PREFIX_PATH=/home/river/deliveryRobot_ws/install/openslam_gmapping:${AMENT_PREFIX_PATH} CMAKE_PREFIX_PATH=/home/river/deliveryRobot_ws/install/openslam_gmapping:/opt/ros/humble LD_LIBRARY_PATH=/home/river/deliveryRobot_ws/install/openslam_gmapping/lib:${LD_LIBRARY_PATH} /usr/bin/cmake --build /home/river/deliveryRobot_ws/build/slam_gmapping -- -j1 -l1
[23.660s] Invoking command in '/home/river/deliveryRobot_ws/build/slam_gmapping': AMENT_PREFIX_PATH=/home/river/deliveryRobot_ws/install/openslam_gmapping:${AMENT_PREFIX_PATH} CMAKE_PREFIX_PATH=/home/river/deliveryRobot_ws/install/openslam_gmapping:/opt/ros/humble LD_LIBRARY_PATH=/home/river/deliveryRobot_ws/install/openslam_gmapping/lib:${LD_LIBRARY_PATH} /usr/bin/cmake --install /home/river/deliveryRobot_ws/build/slam_gmapping
[23.668s] -- Install configuration: ""
[23.668s] -- Installing: /home/river/deliveryRobot_ws/install/slam_gmapping/lib/slam_gmapping/slam_gmapping
[23.674s] -- Set runtime path of "/home/river/deliveryRobot_ws/install/slam_gmapping/lib/slam_gmapping/slam_gmapping" to ""
[23.674s] -- Installing: /home/river/deliveryRobot_ws/install/slam_gmapping/share/slam_gmapping/launch
[23.674s] -- Installing: /home/river/deliveryRobot_ws/install/slam_gmapping/share/slam_gmapping/launch/slam_gmapping.launch.py
[23.675s] -- Installing: /home/river/deliveryRobot_ws/install/slam_gmapping/share/ament_index/resource_index/package_run_dependencies/slam_gmapping
[23.676s] -- Installing: /home/river/deliveryRobot_ws/install/slam_gmapping/share/ament_index/resource_index/parent_prefix_path/slam_gmapping
[23.676s] -- Installing: /home/river/deliveryRobot_ws/install/slam_gmapping/share/slam_gmapping/environment/ament_prefix_path.sh
[23.676s] -- Installing: /home/river/deliveryRobot_ws/install/slam_gmapping/share/slam_gmapping/environment/ament_prefix_path.dsv
[23.677s] -- Installing: /home/river/deliveryRobot_ws/install/slam_gmapping/share/slam_gmapping/environment/path.sh
[23.677s] -- Installing: /home/river/deliveryRobot_ws/install/slam_gmapping/share/slam_gmapping/environment/path.dsv
[23.677s] -- Installing: /home/river/deliveryRobot_ws/install/slam_gmapping/share/slam_gmapping/local_setup.bash
[23.678s] -- Installing: /home/river/deliveryRobot_ws/install/slam_gmapping/share/slam_gmapping/local_setup.sh
[23.678s] -- Installing: /home/river/deliveryRobot_ws/install/slam_gmapping/share/slam_gmapping/local_setup.zsh
[23.678s] -- Installing: /home/river/deliveryRobot_ws/install/slam_gmapping/share/slam_gmapping/local_setup.dsv
[23.678s] -- Installing: /home/river/deliveryRobot_ws/install/slam_gmapping/share/slam_gmapping/package.dsv
[23.679s] -- Installing: /home/river/deliveryRobot_ws/install/slam_gmapping/share/ament_index/resource_index/packages/slam_gmapping
[23.679s] -- Installing: /home/river/deliveryRobot_ws/install/slam_gmapping/share/slam_gmapping/cmake/slam_gmappingConfig.cmake
[23.679s] -- Installing: /home/river/deliveryRobot_ws/install/slam_gmapping/share/slam_gmapping/cmake/slam_gmappingConfig-version.cmake
[23.679s] -- Installing: /home/river/deliveryRobot_ws/install/slam_gmapping/share/slam_gmapping/package.xml
[23.683s] Invoked command in '/home/river/deliveryRobot_ws/build/slam_gmapping' returned '0': AMENT_PREFIX_PATH=/home/river/deliveryRobot_ws/install/openslam_gmapping:${AMENT_PREFIX_PATH} CMAKE_PREFIX_PATH=/home/river/deliveryRobot_ws/install/openslam_gmapping:/opt/ros/humble LD_LIBRARY_PATH=/home/river/deliveryRobot_ws/install/openslam_gmapping/lib:${LD_LIBRARY_PATH} /usr/bin/cmake --install /home/river/deliveryRobot_ws/build/slam_gmapping
