[0.385s] DEBUG:colcon:Command line arguments: ['/usr/bin/colcon', 'build']
[0.385s] DEBUG:colcon:Parsed command line arguments: Namespace(log_base=None, log_level=None, verb_name='build', build_base='build', install_base='install', merge_install=False, symlink_install=False, test_result_base=None, continue_on_error=False, executor='parallel', parallel_workers=1, event_handlers=None, ignore_user_meta=False, metas=['./colcon.meta'], base_paths=['.'], packages_ignore=None, packages_ignore_regex=None, paths=None, packages_up_to=None, packages_up_to_regex=None, packages_above=None, packages_above_and_dependencies=None, packages_above_depth=None, packages_select_by_dep=None, packages_skip_by_dep=None, packages_skip_up_to=None, packages_select_build_failed=False, packages_skip_build_finished=False, packages_select_test_failures=False, packages_skip_test_passed=False, packages_select=None, packages_skip=None, packages_select_regex=None, packages_skip_regex=None, packages_start=None, packages_end=None, allow_overriding=[], cmake_args=None, cmake_target=None, cmake_target_skip_unavailable=False, cmake_clean_cache=False, cmake_clean_first=False, cmake_force_configure=False, ament_cmake_args=None, catkin_cmake_args=None, catkin_skip_building_tests=False, verb_parser=<colcon_defaults.argument_parser.defaults.DefaultArgumentsDecorator object at 0x7f8d546a72b0>, verb_extension=<colcon_core.verb.build.BuildVerb object at 0x7f8d54778640>, main=<bound method BuildVerb.main of <colcon_core.verb.build.BuildVerb object at 0x7f8d54778640>>)
[0.450s] Level 1:colcon.colcon_core.package_discovery:discover_packages(colcon_meta) check parameters
[0.450s] Level 1:colcon.colcon_core.package_discovery:discover_packages(recursive) check parameters
[0.450s] Level 1:colcon.colcon_core.package_discovery:discover_packages(ignore) check parameters
[0.450s] Level 1:colcon.colcon_core.package_discovery:discover_packages(path) check parameters
[0.450s] Level 1:colcon.colcon_core.package_discovery:discover_packages(colcon_meta) discover
[0.450s] Level 1:colcon.colcon_core.package_discovery:discover_packages(recursive) discover
[0.450s] INFO:colcon.colcon_core.package_discovery:Crawling recursively for packages in '/home/river/deliveryRobot_ws'
[0.450s] Level 1:colcon.colcon_core.package_identification:_identify(.) by extensions ['ignore', 'ignore_ament_install']
[0.450s] Level 1:colcon.colcon_core.package_identification:_identify(.) by extension 'ignore'
[0.450s] Level 1:colcon.colcon_core.package_identification:_identify(.) by extension 'ignore_ament_install'
[0.450s] Level 1:colcon.colcon_core.package_identification:_identify(.) by extensions ['colcon_pkg']
[0.450s] Level 1:colcon.colcon_core.package_identification:_identify(.) by extension 'colcon_pkg'
[0.450s] Level 1:colcon.colcon_core.package_identification:_identify(.) by extensions ['colcon_meta']
[0.450s] Level 1:colcon.colcon_core.package_identification:_identify(.) by extension 'colcon_meta'
[0.450s] Level 1:colcon.colcon_core.package_identification:_identify(.) by extensions ['ros']
[0.450s] Level 1:colcon.colcon_core.package_identification:_identify(.) by extension 'ros'
[0.466s] Level 1:colcon.colcon_core.package_identification:_identify(.) by extensions ['cmake', 'python']
[0.466s] Level 1:colcon.colcon_core.package_identification:_identify(.) by extension 'cmake'
[0.466s] Level 1:colcon.colcon_core.package_identification:_identify(.) by extension 'python'
[0.467s] Level 1:colcon.colcon_core.package_identification:_identify(.) by extensions ['python_setup_py']
[0.467s] Level 1:colcon.colcon_core.package_identification:_identify(.) by extension 'python_setup_py'
[0.467s] Level 1:colcon.colcon_core.package_identification:_identify(build) by extensions ['ignore', 'ignore_ament_install']
[0.467s] Level 1:colcon.colcon_core.package_identification:_identify(build) by extension 'ignore'
[0.467s] Level 1:colcon.colcon_core.package_identification:_identify(build) ignored
[0.467s] Level 1:colcon.colcon_core.package_identification:_identify(install) by extensions ['ignore', 'ignore_ament_install']
[0.467s] Level 1:colcon.colcon_core.package_identification:_identify(install) by extension 'ignore'
[0.467s] Level 1:colcon.colcon_core.package_identification:_identify(install) ignored
[0.467s] Level 1:colcon.colcon_core.package_identification:_identify(log) by extensions ['ignore', 'ignore_ament_install']
[0.467s] Level 1:colcon.colcon_core.package_identification:_identify(log) by extension 'ignore'
[0.467s] Level 1:colcon.colcon_core.package_identification:_identify(log) ignored
[0.467s] Level 1:colcon.colcon_core.package_identification:_identify(src) by extensions ['ignore', 'ignore_ament_install']
[0.467s] Level 1:colcon.colcon_core.package_identification:_identify(src) by extension 'ignore'
[0.467s] Level 1:colcon.colcon_core.package_identification:_identify(src) by extension 'ignore_ament_install'
[0.468s] Level 1:colcon.colcon_core.package_identification:_identify(src) by extensions ['colcon_pkg']
[0.468s] Level 1:colcon.colcon_core.package_identification:_identify(src) by extension 'colcon_pkg'
[0.468s] Level 1:colcon.colcon_core.package_identification:_identify(src) by extensions ['colcon_meta']
[0.468s] Level 1:colcon.colcon_core.package_identification:_identify(src) by extension 'colcon_meta'
[0.468s] Level 1:colcon.colcon_core.package_identification:_identify(src) by extensions ['ros']
[0.468s] Level 1:colcon.colcon_core.package_identification:_identify(src) by extension 'ros'
[0.468s] Level 1:colcon.colcon_core.package_identification:_identify(src) by extensions ['cmake', 'python']
[0.468s] Level 1:colcon.colcon_core.package_identification:_identify(src) by extension 'cmake'
[0.468s] Level 1:colcon.colcon_core.package_identification:_identify(src) by extension 'python'
[0.468s] Level 1:colcon.colcon_core.package_identification:_identify(src) by extensions ['python_setup_py']
[0.468s] Level 1:colcon.colcon_core.package_identification:_identify(src) by extension 'python_setup_py'
[0.468s] Level 1:colcon.colcon_core.package_identification:_identify(src/nevigation_pkg_python) by extensions ['ignore', 'ignore_ament_install']
[0.468s] Level 1:colcon.colcon_core.package_identification:_identify(src/nevigation_pkg_python) by extension 'ignore'
[0.468s] Level 1:colcon.colcon_core.package_identification:_identify(src/nevigation_pkg_python) by extension 'ignore_ament_install'
[0.468s] Level 1:colcon.colcon_core.package_identification:_identify(src/nevigation_pkg_python) by extensions ['colcon_pkg']
[0.468s] Level 1:colcon.colcon_core.package_identification:_identify(src/nevigation_pkg_python) by extension 'colcon_pkg'
[0.468s] Level 1:colcon.colcon_core.package_identification:_identify(src/nevigation_pkg_python) by extensions ['colcon_meta']
[0.468s] Level 1:colcon.colcon_core.package_identification:_identify(src/nevigation_pkg_python) by extension 'colcon_meta'
[0.468s] Level 1:colcon.colcon_core.package_identification:_identify(src/nevigation_pkg_python) by extensions ['ros']
[0.468s] Level 1:colcon.colcon_core.package_identification:_identify(src/nevigation_pkg_python) by extension 'ros'
[0.472s] DEBUG:colcon.colcon_core.package_identification:Package 'src/nevigation_pkg_python' with type 'ros.ament_python' and name 'nevigation_pkg_python'
[0.472s] Level 1:colcon.colcon_core.package_identification:_identify(src/slam_gmapping) by extensions ['ignore', 'ignore_ament_install']
[0.472s] Level 1:colcon.colcon_core.package_identification:_identify(src/slam_gmapping) by extension 'ignore'
[0.473s] Level 1:colcon.colcon_core.package_identification:_identify(src/slam_gmapping) by extension 'ignore_ament_install'
[0.473s] Level 1:colcon.colcon_core.package_identification:_identify(src/slam_gmapping) by extensions ['colcon_pkg']
[0.473s] Level 1:colcon.colcon_core.package_identification:_identify(src/slam_gmapping) by extension 'colcon_pkg'
[0.473s] Level 1:colcon.colcon_core.package_identification:_identify(src/slam_gmapping) by extensions ['colcon_meta']
[0.473s] Level 1:colcon.colcon_core.package_identification:_identify(src/slam_gmapping) by extension 'colcon_meta'
[0.473s] Level 1:colcon.colcon_core.package_identification:_identify(src/slam_gmapping) by extensions ['ros']
[0.473s] Level 1:colcon.colcon_core.package_identification:_identify(src/slam_gmapping) by extension 'ros'
[0.473s] Level 1:colcon.colcon_core.package_identification:_identify(src/slam_gmapping) by extensions ['cmake', 'python']
[0.473s] Level 1:colcon.colcon_core.package_identification:_identify(src/slam_gmapping) by extension 'cmake'
[0.473s] Level 1:colcon.colcon_core.package_identification:_identify(src/slam_gmapping) by extension 'python'
[0.473s] Level 1:colcon.colcon_core.package_identification:_identify(src/slam_gmapping) by extensions ['python_setup_py']
[0.473s] Level 1:colcon.colcon_core.package_identification:_identify(src/slam_gmapping) by extension 'python_setup_py'
[0.473s] Level 1:colcon.colcon_core.package_identification:_identify(src/slam_gmapping/openslam_gmapping) by extensions ['ignore', 'ignore_ament_install']
[0.473s] Level 1:colcon.colcon_core.package_identification:_identify(src/slam_gmapping/openslam_gmapping) by extension 'ignore'
[0.473s] Level 1:colcon.colcon_core.package_identification:_identify(src/slam_gmapping/openslam_gmapping) by extension 'ignore_ament_install'
[0.473s] Level 1:colcon.colcon_core.package_identification:_identify(src/slam_gmapping/openslam_gmapping) by extensions ['colcon_pkg']
[0.473s] Level 1:colcon.colcon_core.package_identification:_identify(src/slam_gmapping/openslam_gmapping) by extension 'colcon_pkg'
[0.473s] Level 1:colcon.colcon_core.package_identification:_identify(src/slam_gmapping/openslam_gmapping) by extensions ['colcon_meta']
[0.473s] Level 1:colcon.colcon_core.package_identification:_identify(src/slam_gmapping/openslam_gmapping) by extension 'colcon_meta'
[0.473s] Level 1:colcon.colcon_core.package_identification:_identify(src/slam_gmapping/openslam_gmapping) by extensions ['ros']
[0.473s] Level 1:colcon.colcon_core.package_identification:_identify(src/slam_gmapping/openslam_gmapping) by extension 'ros'
[0.474s] DEBUG:colcon.colcon_core.package_identification:Package 'src/slam_gmapping/openslam_gmapping' with type 'ros.ament_cmake' and name 'openslam_gmapping'
[0.474s] Level 1:colcon.colcon_core.package_identification:_identify(src/slam_gmapping/slam_gmapping) by extensions ['ignore', 'ignore_ament_install']
[0.474s] Level 1:colcon.colcon_core.package_identification:_identify(src/slam_gmapping/slam_gmapping) by extension 'ignore'
[0.474s] Level 1:colcon.colcon_core.package_identification:_identify(src/slam_gmapping/slam_gmapping) by extension 'ignore_ament_install'
[0.474s] Level 1:colcon.colcon_core.package_identification:_identify(src/slam_gmapping/slam_gmapping) by extensions ['colcon_pkg']
[0.474s] Level 1:colcon.colcon_core.package_identification:_identify(src/slam_gmapping/slam_gmapping) by extension 'colcon_pkg'
[0.474s] Level 1:colcon.colcon_core.package_identification:_identify(src/slam_gmapping/slam_gmapping) by extensions ['colcon_meta']
[0.474s] Level 1:colcon.colcon_core.package_identification:_identify(src/slam_gmapping/slam_gmapping) by extension 'colcon_meta'
[0.474s] Level 1:colcon.colcon_core.package_identification:_identify(src/slam_gmapping/slam_gmapping) by extensions ['ros']
[0.474s] Level 1:colcon.colcon_core.package_identification:_identify(src/slam_gmapping/slam_gmapping) by extension 'ros'
[0.476s] DEBUG:colcon.colcon_core.package_identification:Package 'src/slam_gmapping/slam_gmapping' with type 'ros.ament_cmake' and name 'slam_gmapping'
[0.476s] Level 1:colcon.colcon_core.package_discovery:discover_packages(recursive) using defaults
[0.476s] Level 1:colcon.colcon_core.package_discovery:discover_packages(ignore) discover
[0.476s] Level 1:colcon.colcon_core.package_discovery:discover_packages(ignore) using defaults
[0.476s] Level 1:colcon.colcon_core.package_discovery:discover_packages(path) discover
[0.476s] Level 1:colcon.colcon_core.package_discovery:discover_packages(path) using defaults
[0.542s] Level 1:colcon.colcon_core.package_discovery:discover_packages(prefix_path) check parameters
[0.542s] Level 1:colcon.colcon_core.package_discovery:discover_packages(prefix_path) discover
[0.545s] DEBUG:colcon.colcon_installed_package_information.package_discovery:Found 270 installed packages in /opt/ros/humble
[0.551s] Level 1:colcon.colcon_core.package_discovery:discover_packages(prefix_path) using defaults
[0.657s] Level 5:colcon.colcon_core.verb:set package 'nevigation_pkg_python' build argument 'cmake_args' from command line to 'None'
[0.658s] Level 5:colcon.colcon_core.verb:set package 'nevigation_pkg_python' build argument 'cmake_target' from command line to 'None'
[0.658s] Level 5:colcon.colcon_core.verb:set package 'nevigation_pkg_python' build argument 'cmake_target_skip_unavailable' from command line to 'False'
[0.658s] Level 5:colcon.colcon_core.verb:set package 'nevigation_pkg_python' build argument 'cmake_clean_cache' from command line to 'False'
[0.658s] Level 5:colcon.colcon_core.verb:set package 'nevigation_pkg_python' build argument 'cmake_clean_first' from command line to 'False'
[0.658s] Level 5:colcon.colcon_core.verb:set package 'nevigation_pkg_python' build argument 'cmake_force_configure' from command line to 'False'
[0.658s] Level 5:colcon.colcon_core.verb:set package 'nevigation_pkg_python' build argument 'ament_cmake_args' from command line to 'None'
[0.658s] Level 5:colcon.colcon_core.verb:set package 'nevigation_pkg_python' build argument 'catkin_cmake_args' from command line to 'None'
[0.658s] Level 5:colcon.colcon_core.verb:set package 'nevigation_pkg_python' build argument 'catkin_skip_building_tests' from command line to 'False'
[0.658s] DEBUG:colcon.colcon_core.verb:Building package 'nevigation_pkg_python' with the following arguments: {'ament_cmake_args': None, 'build_base': '/home/river/deliveryRobot_ws/build/nevigation_pkg_python', 'catkin_cmake_args': None, 'catkin_skip_building_tests': False, 'cmake_args': None, 'cmake_clean_cache': False, 'cmake_clean_first': False, 'cmake_force_configure': False, 'cmake_target': None, 'cmake_target_skip_unavailable': False, 'install_base': '/home/river/deliveryRobot_ws/install/nevigation_pkg_python', 'merge_install': False, 'path': '/home/river/deliveryRobot_ws/src/nevigation_pkg_python', 'symlink_install': False, 'test_result_base': None}
[0.659s] Level 5:colcon.colcon_core.verb:set package 'openslam_gmapping' build argument 'cmake_args' from command line to 'None'
[0.659s] Level 5:colcon.colcon_core.verb:set package 'openslam_gmapping' build argument 'cmake_target' from command line to 'None'
[0.659s] Level 5:colcon.colcon_core.verb:set package 'openslam_gmapping' build argument 'cmake_target_skip_unavailable' from command line to 'False'
[0.659s] Level 5:colcon.colcon_core.verb:set package 'openslam_gmapping' build argument 'cmake_clean_cache' from command line to 'False'
[0.659s] Level 5:colcon.colcon_core.verb:set package 'openslam_gmapping' build argument 'cmake_clean_first' from command line to 'False'
[0.659s] Level 5:colcon.colcon_core.verb:set package 'openslam_gmapping' build argument 'cmake_force_configure' from command line to 'False'
[0.659s] Level 5:colcon.colcon_core.verb:set package 'openslam_gmapping' build argument 'ament_cmake_args' from command line to 'None'
[0.659s] Level 5:colcon.colcon_core.verb:set package 'openslam_gmapping' build argument 'catkin_cmake_args' from command line to 'None'
[0.659s] Level 5:colcon.colcon_core.verb:set package 'openslam_gmapping' build argument 'catkin_skip_building_tests' from command line to 'False'
[0.659s] DEBUG:colcon.colcon_core.verb:Building package 'openslam_gmapping' with the following arguments: {'ament_cmake_args': None, 'build_base': '/home/river/deliveryRobot_ws/build/openslam_gmapping', 'catkin_cmake_args': None, 'catkin_skip_building_tests': False, 'cmake_args': None, 'cmake_clean_cache': False, 'cmake_clean_first': False, 'cmake_force_configure': False, 'cmake_target': None, 'cmake_target_skip_unavailable': False, 'install_base': '/home/river/deliveryRobot_ws/install/openslam_gmapping', 'merge_install': False, 'path': '/home/river/deliveryRobot_ws/src/slam_gmapping/openslam_gmapping', 'symlink_install': False, 'test_result_base': None}
[0.660s] Level 5:colcon.colcon_core.verb:set package 'slam_gmapping' build argument 'cmake_args' from command line to 'None'
[0.660s] Level 5:colcon.colcon_core.verb:set package 'slam_gmapping' build argument 'cmake_target' from command line to 'None'
[0.660s] Level 5:colcon.colcon_core.verb:set package 'slam_gmapping' build argument 'cmake_target_skip_unavailable' from command line to 'False'
[0.660s] Level 5:colcon.colcon_core.verb:set package 'slam_gmapping' build argument 'cmake_clean_cache' from command line to 'False'
[0.660s] Level 5:colcon.colcon_core.verb:set package 'slam_gmapping' build argument 'cmake_clean_first' from command line to 'False'
[0.660s] Level 5:colcon.colcon_core.verb:set package 'slam_gmapping' build argument 'cmake_force_configure' from command line to 'False'
[0.660s] Level 5:colcon.colcon_core.verb:set package 'slam_gmapping' build argument 'ament_cmake_args' from command line to 'None'
[0.660s] Level 5:colcon.colcon_core.verb:set package 'slam_gmapping' build argument 'catkin_cmake_args' from command line to 'None'
[0.660s] Level 5:colcon.colcon_core.verb:set package 'slam_gmapping' build argument 'catkin_skip_building_tests' from command line to 'False'
[0.660s] DEBUG:colcon.colcon_core.verb:Building package 'slam_gmapping' with the following arguments: {'ament_cmake_args': None, 'build_base': '/home/river/deliveryRobot_ws/build/slam_gmapping', 'catkin_cmake_args': None, 'catkin_skip_building_tests': False, 'cmake_args': None, 'cmake_clean_cache': False, 'cmake_clean_first': False, 'cmake_force_configure': False, 'cmake_target': None, 'cmake_target_skip_unavailable': False, 'install_base': '/home/river/deliveryRobot_ws/install/slam_gmapping', 'merge_install': False, 'path': '/home/river/deliveryRobot_ws/src/slam_gmapping/slam_gmapping', 'symlink_install': False, 'test_result_base': None}
[0.661s] INFO:colcon.colcon_core.executor:Executing jobs using 'parallel' executor
[0.667s] DEBUG:colcon.colcon_parallel_executor.executor.parallel:run_until_complete
[0.668s] INFO:colcon.colcon_ros.task.ament_cmake.build:Building ROS package in '/home/river/deliveryRobot_ws/src/slam_gmapping/openslam_gmapping' with build type 'ament_cmake'
[0.668s] INFO:colcon.colcon_cmake.task.cmake.build:Building CMake package in '/home/river/deliveryRobot_ws/src/slam_gmapping/openslam_gmapping'
[0.672s] INFO:colcon.colcon_core.plugin_system:Skipping extension 'colcon_core.shell.bat': Not used on non-Windows systems
[0.672s] INFO:colcon.colcon_core.shell:Skip shell extension 'powershell' for command environment: Not usable outside of PowerShell
[0.672s] DEBUG:colcon.colcon_core.shell:Skip shell extension 'dsv' for command environment
[0.681s] DEBUG:colcon.colcon_core.event_handler.log_command:Invoking command in '/home/river/deliveryRobot_ws/build/openslam_gmapping': CMAKE_PREFIX_PATH=/opt/ros/humble /usr/bin/cmake /home/river/deliveryRobot_ws/src/slam_gmapping/openslam_gmapping -DCMAKE_INSTALL_PREFIX=/home/river/deliveryRobot_ws/install/openslam_gmapping
[1.806s] DEBUG:colcon.colcon_core.event_handler.log_command:Invoked command in '/home/river/deliveryRobot_ws/build/openslam_gmapping' returned '0': CMAKE_PREFIX_PATH=/opt/ros/humble /usr/bin/cmake /home/river/deliveryRobot_ws/src/slam_gmapping/openslam_gmapping -DCMAKE_INSTALL_PREFIX=/home/river/deliveryRobot_ws/install/openslam_gmapping
[1.807s] DEBUG:colcon.colcon_core.event_handler.log_command:Invoking command in '/home/river/deliveryRobot_ws/build/openslam_gmapping': CMAKE_PREFIX_PATH=/opt/ros/humble /usr/bin/cmake --build /home/river/deliveryRobot_ws/build/openslam_gmapping -- -j1 -l1
[13.607s] DEBUG:colcon.colcon_core.event_handler.log_command:Invoked command in '/home/river/deliveryRobot_ws/build/openslam_gmapping' returned '0': CMAKE_PREFIX_PATH=/opt/ros/humble /usr/bin/cmake --build /home/river/deliveryRobot_ws/build/openslam_gmapping -- -j1 -l1
[13.656s] DEBUG:colcon.colcon_core.event_handler.log_command:Invoking command in '/home/river/deliveryRobot_ws/build/openslam_gmapping': CMAKE_PREFIX_PATH=/opt/ros/humble /usr/bin/cmake --install /home/river/deliveryRobot_ws/build/openslam_gmapping
[13.696s] Level 1:colcon.colcon_core.environment:create_environment_scripts_only(openslam_gmapping)
[13.705s] DEBUG:colcon.colcon_core.event_handler.log_command:Invoked command in '/home/river/deliveryRobot_ws/build/openslam_gmapping' returned '0': CMAKE_PREFIX_PATH=/opt/ros/humble /usr/bin/cmake --install /home/river/deliveryRobot_ws/build/openslam_gmapping
[13.708s] Level 1:colcon.colcon_core.environment:checking '/home/river/deliveryRobot_ws/install/openslam_gmapping' for CMake module files
[13.708s] Level 1:colcon.colcon_core.environment:checking '/home/river/deliveryRobot_ws/install/openslam_gmapping' for CMake config files
[13.708s] Level 1:colcon.colcon_core.shell:create_environment_hook('openslam_gmapping', 'cmake_prefix_path')
[13.710s] INFO:colcon.colcon_core.shell:Creating environment hook '/home/river/deliveryRobot_ws/install/openslam_gmapping/share/openslam_gmapping/hook/cmake_prefix_path.ps1'
[13.712s] INFO:colcon.colcon_core.shell:Creating environment descriptor '/home/river/deliveryRobot_ws/install/openslam_gmapping/share/openslam_gmapping/hook/cmake_prefix_path.dsv'
[13.713s] INFO:colcon.colcon_core.shell:Creating environment hook '/home/river/deliveryRobot_ws/install/openslam_gmapping/share/openslam_gmapping/hook/cmake_prefix_path.sh'
[13.715s] Level 1:colcon.colcon_core.environment:checking '/home/river/deliveryRobot_ws/install/openslam_gmapping/lib'
[13.716s] Level 1:colcon.colcon_core.environment:checking '/home/river/deliveryRobot_ws/install/openslam_gmapping/bin'
[13.716s] Level 1:colcon.colcon_core.environment:checking '/home/river/deliveryRobot_ws/install/openslam_gmapping/lib/pkgconfig/openslam_gmapping.pc'
[13.716s] Level 1:colcon.colcon_core.environment:checking '/home/river/deliveryRobot_ws/install/openslam_gmapping/lib/python3.10/site-packages'
[13.716s] Level 1:colcon.colcon_core.environment:checking '/home/river/deliveryRobot_ws/install/openslam_gmapping/bin'
[13.718s] INFO:colcon.colcon_core.shell:Creating package script '/home/river/deliveryRobot_ws/install/openslam_gmapping/share/openslam_gmapping/package.ps1'
[13.719s] INFO:colcon.colcon_core.shell:Creating package descriptor '/home/river/deliveryRobot_ws/install/openslam_gmapping/share/openslam_gmapping/package.dsv'
[13.720s] INFO:colcon.colcon_core.shell:Creating package script '/home/river/deliveryRobot_ws/install/openslam_gmapping/share/openslam_gmapping/package.sh'
[13.720s] INFO:colcon.colcon_core.shell:Creating package script '/home/river/deliveryRobot_ws/install/openslam_gmapping/share/openslam_gmapping/package.bash'
[13.721s] INFO:colcon.colcon_core.shell:Creating package script '/home/river/deliveryRobot_ws/install/openslam_gmapping/share/openslam_gmapping/package.zsh'
[13.721s] Level 1:colcon.colcon_core.environment:create_file_with_runtime_dependencies(/home/river/deliveryRobot_ws/install/openslam_gmapping/share/colcon-core/packages/openslam_gmapping)
[13.772s] Level 1:colcon.colcon_core.environment:create_environment_scripts_only(openslam_gmapping)
[13.774s] Level 1:colcon.colcon_core.environment:checking '/home/river/deliveryRobot_ws/install/openslam_gmapping' for CMake module files
[13.774s] Level 1:colcon.colcon_core.environment:checking '/home/river/deliveryRobot_ws/install/openslam_gmapping' for CMake config files
[13.775s] Level 1:colcon.colcon_core.shell:create_environment_hook('openslam_gmapping', 'cmake_prefix_path')
[13.776s] INFO:colcon.colcon_core.shell:Creating environment hook '/home/river/deliveryRobot_ws/install/openslam_gmapping/share/openslam_gmapping/hook/cmake_prefix_path.ps1'
[13.779s] INFO:colcon.colcon_core.shell:Creating environment descriptor '/home/river/deliveryRobot_ws/install/openslam_gmapping/share/openslam_gmapping/hook/cmake_prefix_path.dsv'
[13.780s] INFO:colcon.colcon_core.shell:Creating environment hook '/home/river/deliveryRobot_ws/install/openslam_gmapping/share/openslam_gmapping/hook/cmake_prefix_path.sh'
[13.782s] Level 1:colcon.colcon_core.environment:checking '/home/river/deliveryRobot_ws/install/openslam_gmapping/lib'
[13.782s] Level 1:colcon.colcon_core.environment:checking '/home/river/deliveryRobot_ws/install/openslam_gmapping/bin'
[13.782s] Level 1:colcon.colcon_core.environment:checking '/home/river/deliveryRobot_ws/install/openslam_gmapping/lib/pkgconfig/openslam_gmapping.pc'
[13.783s] Level 1:colcon.colcon_core.environment:checking '/home/river/deliveryRobot_ws/install/openslam_gmapping/lib/python3.10/site-packages'
[13.783s] Level 1:colcon.colcon_core.environment:checking '/home/river/deliveryRobot_ws/install/openslam_gmapping/bin'
[13.784s] INFO:colcon.colcon_core.shell:Creating package script '/home/river/deliveryRobot_ws/install/openslam_gmapping/share/openslam_gmapping/package.ps1'
[13.785s] INFO:colcon.colcon_core.shell:Creating package descriptor '/home/river/deliveryRobot_ws/install/openslam_gmapping/share/openslam_gmapping/package.dsv'
[13.785s] INFO:colcon.colcon_core.shell:Creating package script '/home/river/deliveryRobot_ws/install/openslam_gmapping/share/openslam_gmapping/package.sh'
[13.786s] INFO:colcon.colcon_core.shell:Creating package script '/home/river/deliveryRobot_ws/install/openslam_gmapping/share/openslam_gmapping/package.bash'
[13.786s] INFO:colcon.colcon_core.shell:Creating package script '/home/river/deliveryRobot_ws/install/openslam_gmapping/share/openslam_gmapping/package.zsh'
[13.787s] Level 1:colcon.colcon_core.environment:create_file_with_runtime_dependencies(/home/river/deliveryRobot_ws/install/openslam_gmapping/share/colcon-core/packages/openslam_gmapping)
[13.787s] INFO:colcon.colcon_ros.task.ament_python.build:Building ROS package in '/home/river/deliveryRobot_ws/src/nevigation_pkg_python' with build type 'ament_python'
[13.788s] Level 1:colcon.colcon_core.shell:create_environment_hook('nevigation_pkg_python', 'ament_prefix_path')
[13.789s] INFO:colcon.colcon_core.shell:Creating environment hook '/home/river/deliveryRobot_ws/install/nevigation_pkg_python/share/nevigation_pkg_python/hook/ament_prefix_path.ps1'
[13.789s] INFO:colcon.colcon_core.shell:Creating environment descriptor '/home/river/deliveryRobot_ws/install/nevigation_pkg_python/share/nevigation_pkg_python/hook/ament_prefix_path.dsv'
[13.789s] INFO:colcon.colcon_core.shell:Creating environment hook '/home/river/deliveryRobot_ws/install/nevigation_pkg_python/share/nevigation_pkg_python/hook/ament_prefix_path.sh'
[13.791s] INFO:colcon.colcon_core.shell:Skip shell extension 'powershell' for command environment: Not usable outside of PowerShell
[13.791s] DEBUG:colcon.colcon_core.shell:Skip shell extension 'dsv' for command environment
[14.221s] INFO:colcon.colcon_core.task.python.build:Building Python package in '/home/river/deliveryRobot_ws/src/nevigation_pkg_python'
[14.222s] INFO:colcon.colcon_core.shell:Skip shell extension 'powershell' for command environment: Not usable outside of PowerShell
[14.222s] DEBUG:colcon.colcon_core.shell:Skip shell extension 'dsv' for command environment
[14.854s] DEBUG:colcon.colcon_core.event_handler.log_command:Invoking command in '/home/river/deliveryRobot_ws/src/nevigation_pkg_python': PYTHONPATH=/home/river/deliveryRobot_ws/build/nevigation_pkg_python/prefix_override:/home/river/deliveryRobot_ws/install/nevigation_pkg_python/lib/python3.10/site-packages:${PYTHONPATH} /usr/bin/python3 setup.py egg_info --egg-base ../../build/nevigation_pkg_python build --build-base /home/river/deliveryRobot_ws/build/nevigation_pkg_python/build install --record /home/river/deliveryRobot_ws/build/nevigation_pkg_python/install.log --single-version-externally-managed
[15.248s] Level 1:colcon.colcon_core.environment:checking '/home/river/deliveryRobot_ws/install/nevigation_pkg_python' for CMake module files
[15.248s] Level 1:colcon.colcon_core.environment:checking '/home/river/deliveryRobot_ws/install/nevigation_pkg_python' for CMake config files
[15.249s] Level 1:colcon.colcon_core.environment:checking '/home/river/deliveryRobot_ws/install/nevigation_pkg_python/lib'
[15.249s] Level 1:colcon.colcon_core.environment:checking '/home/river/deliveryRobot_ws/install/nevigation_pkg_python/bin'
[15.249s] Level 1:colcon.colcon_core.environment:checking '/home/river/deliveryRobot_ws/install/nevigation_pkg_python/lib/pkgconfig/nevigation_pkg_python.pc'
[15.249s] Level 1:colcon.colcon_core.environment:checking '/home/river/deliveryRobot_ws/install/nevigation_pkg_python/lib/python3.10/site-packages'
[15.249s] Level 1:colcon.colcon_core.shell:create_environment_hook('nevigation_pkg_python', 'pythonpath')
[15.250s] INFO:colcon.colcon_core.shell:Creating environment hook '/home/river/deliveryRobot_ws/install/nevigation_pkg_python/share/nevigation_pkg_python/hook/pythonpath.ps1'
[15.250s] INFO:colcon.colcon_core.shell:Creating environment descriptor '/home/river/deliveryRobot_ws/install/nevigation_pkg_python/share/nevigation_pkg_python/hook/pythonpath.dsv'
[15.251s] INFO:colcon.colcon_core.shell:Creating environment hook '/home/river/deliveryRobot_ws/install/nevigation_pkg_python/share/nevigation_pkg_python/hook/pythonpath.sh'
[15.251s] Level 1:colcon.colcon_core.environment:checking '/home/river/deliveryRobot_ws/install/nevigation_pkg_python/bin'
[15.251s] Level 1:colcon.colcon_core.environment:create_environment_scripts_only(nevigation_pkg_python)
[15.252s] INFO:colcon.colcon_core.shell:Creating package script '/home/river/deliveryRobot_ws/install/nevigation_pkg_python/share/nevigation_pkg_python/package.ps1'
[15.253s] INFO:colcon.colcon_core.shell:Creating package descriptor '/home/river/deliveryRobot_ws/install/nevigation_pkg_python/share/nevigation_pkg_python/package.dsv'
[15.253s] INFO:colcon.colcon_core.shell:Creating package script '/home/river/deliveryRobot_ws/install/nevigation_pkg_python/share/nevigation_pkg_python/package.sh'
[15.253s] INFO:colcon.colcon_core.shell:Creating package script '/home/river/deliveryRobot_ws/install/nevigation_pkg_python/share/nevigation_pkg_python/package.bash'
[15.253s] INFO:colcon.colcon_core.shell:Creating package script '/home/river/deliveryRobot_ws/install/nevigation_pkg_python/share/nevigation_pkg_python/package.zsh'
[15.254s] Level 1:colcon.colcon_core.environment:create_file_with_runtime_dependencies(/home/river/deliveryRobot_ws/install/nevigation_pkg_python/share/colcon-core/packages/nevigation_pkg_python)
[15.254s] INFO:colcon.colcon_ros.task.ament_cmake.build:Building ROS package in '/home/river/deliveryRobot_ws/src/slam_gmapping/slam_gmapping' with build type 'ament_cmake'
[15.254s] INFO:colcon.colcon_cmake.task.cmake.build:Building CMake package in '/home/river/deliveryRobot_ws/src/slam_gmapping/slam_gmapping'
[15.255s] INFO:colcon.colcon_core.shell:Skip shell extension 'powershell' for command environment: Not usable outside of PowerShell
[15.255s] DEBUG:colcon.colcon_core.shell:Skip shell extension 'dsv' for command environment
[15.257s] DEBUG:colcon.colcon_core.event_handler.log_command:Invoked command in '/home/river/deliveryRobot_ws/src/nevigation_pkg_python' returned '0': PYTHONPATH=/home/river/deliveryRobot_ws/build/nevigation_pkg_python/prefix_override:/home/river/deliveryRobot_ws/install/nevigation_pkg_python/lib/python3.10/site-packages:${PYTHONPATH} /usr/bin/python3 setup.py egg_info --egg-base ../../build/nevigation_pkg_python build --build-base /home/river/deliveryRobot_ws/build/nevigation_pkg_python/build install --record /home/river/deliveryRobot_ws/build/nevigation_pkg_python/install.log --single-version-externally-managed
[15.271s] DEBUG:colcon.colcon_core.event_handler.log_command:Invoking command in '/home/river/deliveryRobot_ws/build/slam_gmapping': AMENT_PREFIX_PATH=/home/river/deliveryRobot_ws/install/openslam_gmapping:${AMENT_PREFIX_PATH} CMAKE_PREFIX_PATH=/home/river/deliveryRobot_ws/install/openslam_gmapping:/opt/ros/humble LD_LIBRARY_PATH=/home/river/deliveryRobot_ws/install/openslam_gmapping/lib:${LD_LIBRARY_PATH} /usr/bin/cmake /home/river/deliveryRobot_ws/src/slam_gmapping/slam_gmapping -DCMAKE_INSTALL_PREFIX=/home/river/deliveryRobot_ws/install/slam_gmapping
[18.386s] DEBUG:colcon.colcon_core.event_handler.log_command:Invoked command in '/home/river/deliveryRobot_ws/build/slam_gmapping' returned '0': AMENT_PREFIX_PATH=/home/river/deliveryRobot_ws/install/openslam_gmapping:${AMENT_PREFIX_PATH} CMAKE_PREFIX_PATH=/home/river/deliveryRobot_ws/install/openslam_gmapping:/opt/ros/humble LD_LIBRARY_PATH=/home/river/deliveryRobot_ws/install/openslam_gmapping/lib:${LD_LIBRARY_PATH} /usr/bin/cmake /home/river/deliveryRobot_ws/src/slam_gmapping/slam_gmapping -DCMAKE_INSTALL_PREFIX=/home/river/deliveryRobot_ws/install/slam_gmapping
[18.387s] DEBUG:colcon.colcon_core.event_handler.log_command:Invoking command in '/home/river/deliveryRobot_ws/build/slam_gmapping': AMENT_PREFIX_PATH=/home/river/deliveryRobot_ws/install/openslam_gmapping:${AMENT_PREFIX_PATH} CMAKE_PREFIX_PATH=/home/river/deliveryRobot_ws/install/openslam_gmapping:/opt/ros/humble LD_LIBRARY_PATH=/home/river/deliveryRobot_ws/install/openslam_gmapping/lib:${LD_LIBRARY_PATH} /usr/bin/cmake --build /home/river/deliveryRobot_ws/build/slam_gmapping -- -j1 -l1
[38.892s] DEBUG:colcon.colcon_core.event_handler.log_command:Invoked command in '/home/river/deliveryRobot_ws/build/slam_gmapping' returned '0': AMENT_PREFIX_PATH=/home/river/deliveryRobot_ws/install/openslam_gmapping:${AMENT_PREFIX_PATH} CMAKE_PREFIX_PATH=/home/river/deliveryRobot_ws/install/openslam_gmapping:/opt/ros/humble LD_LIBRARY_PATH=/home/river/deliveryRobot_ws/install/openslam_gmapping/lib:${LD_LIBRARY_PATH} /usr/bin/cmake --build /home/river/deliveryRobot_ws/build/slam_gmapping -- -j1 -l1
[38.918s] DEBUG:colcon.colcon_core.event_handler.log_command:Invoking command in '/home/river/deliveryRobot_ws/build/slam_gmapping': AMENT_PREFIX_PATH=/home/river/deliveryRobot_ws/install/openslam_gmapping:${AMENT_PREFIX_PATH} CMAKE_PREFIX_PATH=/home/river/deliveryRobot_ws/install/openslam_gmapping:/opt/ros/humble LD_LIBRARY_PATH=/home/river/deliveryRobot_ws/install/openslam_gmapping/lib:${LD_LIBRARY_PATH} /usr/bin/cmake --install /home/river/deliveryRobot_ws/build/slam_gmapping
[38.939s] Level 1:colcon.colcon_core.environment:create_environment_scripts_only(slam_gmapping)
[38.941s] Level 1:colcon.colcon_core.environment:checking '/home/river/deliveryRobot_ws/install/slam_gmapping' for CMake module files
[38.941s] DEBUG:colcon.colcon_core.event_handler.log_command:Invoked command in '/home/river/deliveryRobot_ws/build/slam_gmapping' returned '0': AMENT_PREFIX_PATH=/home/river/deliveryRobot_ws/install/openslam_gmapping:${AMENT_PREFIX_PATH} CMAKE_PREFIX_PATH=/home/river/deliveryRobot_ws/install/openslam_gmapping:/opt/ros/humble LD_LIBRARY_PATH=/home/river/deliveryRobot_ws/install/openslam_gmapping/lib:${LD_LIBRARY_PATH} /usr/bin/cmake --install /home/river/deliveryRobot_ws/build/slam_gmapping
[38.942s] Level 1:colcon.colcon_core.environment:checking '/home/river/deliveryRobot_ws/install/slam_gmapping' for CMake config files
[38.942s] Level 1:colcon.colcon_core.shell:create_environment_hook('slam_gmapping', 'cmake_prefix_path')
[38.944s] INFO:colcon.colcon_core.shell:Creating environment hook '/home/river/deliveryRobot_ws/install/slam_gmapping/share/slam_gmapping/hook/cmake_prefix_path.ps1'
[38.945s] INFO:colcon.colcon_core.shell:Creating environment descriptor '/home/river/deliveryRobot_ws/install/slam_gmapping/share/slam_gmapping/hook/cmake_prefix_path.dsv'
[38.946s] INFO:colcon.colcon_core.shell:Creating environment hook '/home/river/deliveryRobot_ws/install/slam_gmapping/share/slam_gmapping/hook/cmake_prefix_path.sh'
[38.946s] Level 1:colcon.colcon_core.environment:checking '/home/river/deliveryRobot_ws/install/slam_gmapping/lib'
[38.946s] Level 1:colcon.colcon_core.environment:checking '/home/river/deliveryRobot_ws/install/slam_gmapping/bin'
[38.946s] Level 1:colcon.colcon_core.environment:checking '/home/river/deliveryRobot_ws/install/slam_gmapping/lib/pkgconfig/slam_gmapping.pc'
[38.947s] Level 1:colcon.colcon_core.environment:checking '/home/river/deliveryRobot_ws/install/slam_gmapping/lib/python3.10/site-packages'
[38.947s] Level 1:colcon.colcon_core.environment:checking '/home/river/deliveryRobot_ws/install/slam_gmapping/bin'
[38.948s] INFO:colcon.colcon_core.shell:Creating package script '/home/river/deliveryRobot_ws/install/slam_gmapping/share/slam_gmapping/package.ps1'
[38.948s] INFO:colcon.colcon_core.shell:Creating package descriptor '/home/river/deliveryRobot_ws/install/slam_gmapping/share/slam_gmapping/package.dsv'
[38.955s] INFO:colcon.colcon_core.shell:Creating package script '/home/river/deliveryRobot_ws/install/slam_gmapping/share/slam_gmapping/package.sh'
[38.955s] INFO:colcon.colcon_core.shell:Creating package script '/home/river/deliveryRobot_ws/install/slam_gmapping/share/slam_gmapping/package.bash'
[38.956s] INFO:colcon.colcon_core.shell:Creating package script '/home/river/deliveryRobot_ws/install/slam_gmapping/share/slam_gmapping/package.zsh'
[38.956s] Level 1:colcon.colcon_core.environment:create_file_with_runtime_dependencies(/home/river/deliveryRobot_ws/install/slam_gmapping/share/colcon-core/packages/slam_gmapping)
[38.983s] Level 1:colcon.colcon_core.environment:create_environment_scripts_only(slam_gmapping)
[38.985s] Level 1:colcon.colcon_core.environment:checking '/home/river/deliveryRobot_ws/install/slam_gmapping' for CMake module files
[38.985s] Level 1:colcon.colcon_core.environment:checking '/home/river/deliveryRobot_ws/install/slam_gmapping' for CMake config files
[38.985s] Level 1:colcon.colcon_core.shell:create_environment_hook('slam_gmapping', 'cmake_prefix_path')
[38.987s] INFO:colcon.colcon_core.shell:Creating environment hook '/home/river/deliveryRobot_ws/install/slam_gmapping/share/slam_gmapping/hook/cmake_prefix_path.ps1'
[38.987s] INFO:colcon.colcon_core.shell:Creating environment descriptor '/home/river/deliveryRobot_ws/install/slam_gmapping/share/slam_gmapping/hook/cmake_prefix_path.dsv'
[38.988s] INFO:colcon.colcon_core.shell:Creating environment hook '/home/river/deliveryRobot_ws/install/slam_gmapping/share/slam_gmapping/hook/cmake_prefix_path.sh'
[38.989s] Level 1:colcon.colcon_core.environment:checking '/home/river/deliveryRobot_ws/install/slam_gmapping/lib'
[38.989s] Level 1:colcon.colcon_core.environment:checking '/home/river/deliveryRobot_ws/install/slam_gmapping/bin'
[38.989s] Level 1:colcon.colcon_core.environment:checking '/home/river/deliveryRobot_ws/install/slam_gmapping/lib/pkgconfig/slam_gmapping.pc'
[38.989s] Level 1:colcon.colcon_core.environment:checking '/home/river/deliveryRobot_ws/install/slam_gmapping/lib/python3.10/site-packages'
[38.989s] Level 1:colcon.colcon_core.environment:checking '/home/river/deliveryRobot_ws/install/slam_gmapping/bin'
[38.990s] INFO:colcon.colcon_core.shell:Creating package script '/home/river/deliveryRobot_ws/install/slam_gmapping/share/slam_gmapping/package.ps1'
[38.991s] INFO:colcon.colcon_core.shell:Creating package descriptor '/home/river/deliveryRobot_ws/install/slam_gmapping/share/slam_gmapping/package.dsv'
[38.992s] INFO:colcon.colcon_core.shell:Creating package script '/home/river/deliveryRobot_ws/install/slam_gmapping/share/slam_gmapping/package.sh'
[38.992s] INFO:colcon.colcon_core.shell:Creating package script '/home/river/deliveryRobot_ws/install/slam_gmapping/share/slam_gmapping/package.bash'
[38.993s] INFO:colcon.colcon_core.shell:Creating package script '/home/river/deliveryRobot_ws/install/slam_gmapping/share/slam_gmapping/package.zsh'
[38.994s] Level 1:colcon.colcon_core.environment:create_file_with_runtime_dependencies(/home/river/deliveryRobot_ws/install/slam_gmapping/share/colcon-core/packages/slam_gmapping)
[38.996s] DEBUG:colcon.colcon_parallel_executor.executor.parallel:closing loop
[38.996s] DEBUG:colcon.colcon_parallel_executor.executor.parallel:loop closed
[38.996s] DEBUG:colcon.colcon_parallel_executor.executor.parallel:run_until_complete finished with '0'
[38.996s] DEBUG:colcon.colcon_core.event_reactor:joining thread
[39.004s] INFO:colcon.colcon_core.plugin_system:Skipping extension 'colcon_notification.desktop_notification.terminal_notifier': Not used on non-Darwin systems
[39.004s] INFO:colcon.colcon_core.plugin_system:Skipping extension 'colcon_notification.desktop_notification.win32': Not used on non-Windows systems
[39.004s] INFO:colcon.colcon_notification.desktop_notification:Sending desktop notification using 'notify2'
[39.040s] DEBUG:colcon.colcon_core.event_reactor:joined thread
[39.041s] INFO:colcon.colcon_core.shell:Creating prefix script '/home/river/deliveryRobot_ws/install/local_setup.ps1'
[39.043s] INFO:colcon.colcon_core.shell:Creating prefix util module '/home/river/deliveryRobot_ws/install/_local_setup_util_ps1.py'
[39.044s] INFO:colcon.colcon_core.shell:Creating prefix chain script '/home/river/deliveryRobot_ws/install/setup.ps1'
[39.050s] INFO:colcon.colcon_core.shell:Creating prefix script '/home/river/deliveryRobot_ws/install/local_setup.sh'
[39.051s] INFO:colcon.colcon_core.shell:Creating prefix util module '/home/river/deliveryRobot_ws/install/_local_setup_util_sh.py'
[39.051s] INFO:colcon.colcon_core.shell:Creating prefix chain script '/home/river/deliveryRobot_ws/install/setup.sh'
[39.053s] INFO:colcon.colcon_core.shell:Creating prefix script '/home/river/deliveryRobot_ws/install/local_setup.bash'
[39.062s] INFO:colcon.colcon_core.shell:Creating prefix chain script '/home/river/deliveryRobot_ws/install/setup.bash'
[39.064s] INFO:colcon.colcon_core.shell:Creating prefix script '/home/river/deliveryRobot_ws/install/local_setup.zsh'
[39.064s] INFO:colcon.colcon_core.shell:Creating prefix chain script '/home/river/deliveryRobot_ws/install/setup.zsh'
