running egg_info
creating ../../build/nevigation_pkg_python/nevigation_pkg_python.egg-info
writing ../../build/nevigation_pkg_python/nevigation_pkg_python.egg-info/PKG-INFO
writing dependency_links to ../../build/nevigation_pkg_python/nevigation_pkg_python.egg-info/dependency_links.txt
writing entry points to ../../build/nevigation_pkg_python/nevigation_pkg_python.egg-info/entry_points.txt
writing requirements to ../../build/nevigation_pkg_python/nevigation_pkg_python.egg-info/requires.txt
writing top-level names to ../../build/nevigation_pkg_python/nevigation_pkg_python.egg-info/top_level.txt
writing manifest file '../../build/nevigation_pkg_python/nevigation_pkg_python.egg-info/SOURCES.txt'
reading manifest file '../../build/nevigation_pkg_python/nevigation_pkg_python.egg-info/SOURCES.txt'
writing manifest file '../../build/nevigation_pkg_python/nevigation_pkg_python.egg-info/SOURCES.txt'
running build
running build_py
creating /home/river/deliveryRobot_ws/build/nevigation_pkg_python/build
creating /home/river/deliveryRobot_ws/build/nevigation_pkg_python/build/lib
creating /home/river/deliveryRobot_ws/build/nevigation_pkg_python/build/lib/nevigation_pkg_python
copying nevigation_pkg_python/__init__.py -> /home/river/deliveryRobot_ws/build/nevigation_pkg_python/build/lib/nevigation_pkg_python
running install
/usr/lib/python3/dist-packages/setuptools/command/install.py:34: SetuptoolsDeprecationWarning: setup.py install is deprecated. Use build and pip and other standards-based tools.
  warnings.warn(
running install_lib
creating /home/river/deliveryRobot_ws/install/nevigation_pkg_python/lib/python3.10/site-packages/nevigation_pkg_python
copying /home/river/deliveryRobot_ws/build/nevigation_pkg_python/build/lib/nevigation_pkg_python/__init__.py -> /home/river/deliveryRobot_ws/install/nevigation_pkg_python/lib/python3.10/site-packages/nevigation_pkg_python
byte-compiling /home/river/deliveryRobot_ws/install/nevigation_pkg_python/lib/python3.10/site-packages/nevigation_pkg_python/__init__.py to __init__.cpython-310.pyc
running install_data
creating /home/river/deliveryRobot_ws/install/nevigation_pkg_python/share/ament_index
creating /home/river/deliveryRobot_ws/install/nevigation_pkg_python/share/ament_index/resource_index
creating /home/river/deliveryRobot_ws/install/nevigation_pkg_python/share/ament_index/resource_index/packages
copying resource/nevigation_pkg_python -> /home/river/deliveryRobot_ws/install/nevigation_pkg_python/share/ament_index/resource_index/packages
copying package.xml -> /home/river/deliveryRobot_ws/install/nevigation_pkg_python/share/nevigation_pkg_python
running install_egg_info
Copying ../../build/nevigation_pkg_python/nevigation_pkg_python.egg-info to /home/river/deliveryRobot_ws/install/nevigation_pkg_python/lib/python3.10/site-packages/nevigation_pkg_python-0.0.0-py3.10.egg-info
running install_scripts
writing list of installed files to '/home/river/deliveryRobot_ws/build/nevigation_pkg_python/install.log'
