[1.067s] Invoking command in '/home/river/deliveryRobot_ws/src/nevigation_pkg_python': PYTHONPATH=/home/river/deliveryRobot_ws/build/nevigation_pkg_python/prefix_override:/home/river/deliveryRobot_ws/install/nevigation_pkg_python/lib/python3.10/site-packages:${PYTHONPATH} /usr/bin/python3 setup.py egg_info --egg-base ../../build/nevigation_pkg_python build --build-base /home/river/deliveryRobot_ws/build/nevigation_pkg_python/build install --record /home/river/deliveryRobot_ws/build/nevigation_pkg_python/install.log --single-version-externally-managed
[1.360s] running egg_info
[1.361s] creating ../../build/nevigation_pkg_python/nevigation_pkg_python.egg-info
[1.362s] writing ../../build/nevigation_pkg_python/nevigation_pkg_python.egg-info/PKG-INFO
[1.362s] writing dependency_links to ../../build/nevigation_pkg_python/nevigation_pkg_python.egg-info/dependency_links.txt
[1.362s] writing entry points to ../../build/nevigation_pkg_python/nevigation_pkg_python.egg-info/entry_points.txt
[1.362s] writing requirements to ../../build/nevigation_pkg_python/nevigation_pkg_python.egg-info/requires.txt
[1.363s] writing top-level names to ../../build/nevigation_pkg_python/nevigation_pkg_python.egg-info/top_level.txt
[1.363s] writing manifest file '../../build/nevigation_pkg_python/nevigation_pkg_python.egg-info/SOURCES.txt'
[1.366s] reading manifest file '../../build/nevigation_pkg_python/nevigation_pkg_python.egg-info/SOURCES.txt'
[1.367s] writing manifest file '../../build/nevigation_pkg_python/nevigation_pkg_python.egg-info/SOURCES.txt'
[1.373s] running build
[1.374s] running build_py
[1.375s] creating /home/river/deliveryRobot_ws/build/nevigation_pkg_python/build
[1.376s] creating /home/river/deliveryRobot_ws/build/nevigation_pkg_python/build/lib
[1.376s] creating /home/river/deliveryRobot_ws/build/nevigation_pkg_python/build/lib/nevigation_pkg_python
[1.377s] copying nevigation_pkg_python/__init__.py -> /home/river/deliveryRobot_ws/build/nevigation_pkg_python/build/lib/nevigation_pkg_python
[1.377s] running install
[1.386s] /usr/lib/python3/dist-packages/setuptools/command/install.py:34: SetuptoolsDeprecationWarning: setup.py install is deprecated. Use build and pip and other standards-based tools.
[1.386s]   warnings.warn(
[1.387s] running install_lib
[1.388s] creating /home/river/deliveryRobot_ws/install/nevigation_pkg_python/lib/python3.10/site-packages/nevigation_pkg_python
[1.390s] copying /home/river/deliveryRobot_ws/build/nevigation_pkg_python/build/lib/nevigation_pkg_python/__init__.py -> /home/river/deliveryRobot_ws/install/nevigation_pkg_python/lib/python3.10/site-packages/nevigation_pkg_python
[1.392s] byte-compiling /home/river/deliveryRobot_ws/install/nevigation_pkg_python/lib/python3.10/site-packages/nevigation_pkg_python/__init__.py to __init__.cpython-310.pyc
[1.394s] running install_data
[1.395s] creating /home/river/deliveryRobot_ws/install/nevigation_pkg_python/share/ament_index
[1.396s] creating /home/river/deliveryRobot_ws/install/nevigation_pkg_python/share/ament_index/resource_index
[1.396s] creating /home/river/deliveryRobot_ws/install/nevigation_pkg_python/share/ament_index/resource_index/packages
[1.396s] copying resource/nevigation_pkg_python -> /home/river/deliveryRobot_ws/install/nevigation_pkg_python/share/ament_index/resource_index/packages
[1.397s] copying package.xml -> /home/river/deliveryRobot_ws/install/nevigation_pkg_python/share/nevigation_pkg_python
[1.397s] running install_egg_info
[1.399s] Copying ../../build/nevigation_pkg_python/nevigation_pkg_python.egg-info to /home/river/deliveryRobot_ws/install/nevigation_pkg_python/lib/python3.10/site-packages/nevigation_pkg_python-0.0.0-py3.10.egg-info
[1.400s] running install_scripts
[1.425s] writing list of installed files to '/home/river/deliveryRobot_ws/build/nevigation_pkg_python/install.log'
[1.470s] Invoked command in '/home/river/deliveryRobot_ws/src/nevigation_pkg_python' returned '0': PYTHONPATH=/home/river/deliveryRobot_ws/build/nevigation_pkg_python/prefix_override:/home/river/deliveryRobot_ws/install/nevigation_pkg_python/lib/python3.10/site-packages:${PYTHONPATH} /usr/bin/python3 setup.py egg_info --egg-base ../../build/nevigation_pkg_python build --build-base /home/river/deliveryRobot_ws/build/nevigation_pkg_python/build install --record /home/river/deliveryRobot_ws/build/nevigation_pkg_python/install.log --single-version-externally-managed
