[3.194s] DEBUG:colcon:Command line arguments: ['/usr/bin/colcon', 'list', '-p', '--base-paths', '/home/river/deliveryRobot_ws']
[3.194s] DEBUG:colcon:Parsed command line arguments: Namespace(log_base=None, log_level=None, verb_name='list', build_base='build', ignore_user_meta=False, metas=['./colcon.meta'], base_paths=['/home/river/deliveryRobot_ws'], packages_ignore=None, packages_ignore_regex=None, paths=None, packages_up_to=None, packages_up_to_regex=None, packages_above=None, packages_above_and_dependencies=None, packages_above_depth=None, packages_select_by_dep=None, packages_skip_by_dep=None, packages_skip_up_to=None, packages_select_build_failed=False, packages_skip_build_finished=False, packages_select_test_failures=False, packages_skip_test_passed=False, packages_select=None, packages_skip=None, packages_select_regex=None, packages_skip_regex=None, packages_start=None, packages_end=None, allow_overriding=[], topological_order=False, names_only=False, paths_only=True, topological_graph=False, topological_graph_dot=False, topological_graph_density=False, topological_graph_legend=False, topological_graph_dot_cluster=False, topological_graph_dot_include_skipped=False, verb_parser=<colcon_defaults.argument_parser.defaults.DefaultArgumentsDecorator object at 0x7f058c4abe80>, verb_extension=<colcon_package_information.verb.list.ListVerb object at 0x7f058c44ed10>, main=<bound method ListVerb.main of <colcon_package_information.verb.list.ListVerb object at 0x7f058c44ed10>>)
[3.399s] Level 1:colcon.colcon_core.package_discovery:discover_packages(colcon_meta) check parameters
[3.399s] Level 1:colcon.colcon_core.package_discovery:discover_packages(recursive) check parameters
[3.400s] Level 1:colcon.colcon_core.package_discovery:discover_packages(ignore) check parameters
[3.400s] Level 1:colcon.colcon_core.package_discovery:discover_packages(path) check parameters
[3.400s] Level 1:colcon.colcon_core.package_discovery:discover_packages(recursive) discover
[3.400s] INFO:colcon.colcon_core.package_discovery:Crawling recursively for packages in '/home/river/deliveryRobot_ws'
[3.400s] Level 1:colcon.colcon_core.package_identification:_identify(/home/river/deliveryRobot_ws) by extensions ['ignore', 'ignore_ament_install']
[3.400s] Level 1:colcon.colcon_core.package_identification:_identify(/home/river/deliveryRobot_ws) by extension 'ignore'
[3.400s] Level 1:colcon.colcon_core.package_identification:_identify(/home/river/deliveryRobot_ws) by extension 'ignore_ament_install'
[3.400s] Level 1:colcon.colcon_core.package_identification:_identify(/home/river/deliveryRobot_ws) by extensions ['colcon_pkg']
[3.400s] Level 1:colcon.colcon_core.package_identification:_identify(/home/river/deliveryRobot_ws) by extension 'colcon_pkg'
[3.400s] Level 1:colcon.colcon_core.package_identification:_identify(/home/river/deliveryRobot_ws) by extensions ['colcon_meta']
[3.400s] Level 1:colcon.colcon_core.package_identification:_identify(/home/river/deliveryRobot_ws) by extension 'colcon_meta'
[3.400s] Level 1:colcon.colcon_core.package_identification:_identify(/home/river/deliveryRobot_ws) by extensions ['ros']
[3.400s] Level 1:colcon.colcon_core.package_identification:_identify(/home/river/deliveryRobot_ws) by extension 'ros'
[3.622s] Level 1:colcon.colcon_core.package_identification:_identify(/home/river/deliveryRobot_ws) by extensions ['cmake', 'python']
[3.622s] Level 1:colcon.colcon_core.package_identification:_identify(/home/river/deliveryRobot_ws) by extension 'cmake'
[3.622s] Level 1:colcon.colcon_core.package_identification:_identify(/home/river/deliveryRobot_ws) by extension 'python'
[3.622s] Level 1:colcon.colcon_core.package_identification:_identify(/home/river/deliveryRobot_ws) by extensions ['python_setup_py']
[3.622s] Level 1:colcon.colcon_core.package_identification:_identify(/home/river/deliveryRobot_ws) by extension 'python_setup_py'
[3.622s] Level 1:colcon.colcon_core.package_identification:_identify(/home/river/deliveryRobot_ws/build) by extensions ['ignore', 'ignore_ament_install']
[3.622s] Level 1:colcon.colcon_core.package_identification:_identify(/home/river/deliveryRobot_ws/build) by extension 'ignore'
[3.622s] Level 1:colcon.colcon_core.package_identification:_identify(/home/river/deliveryRobot_ws/build) ignored
[3.623s] Level 1:colcon.colcon_core.package_identification:_identify(/home/river/deliveryRobot_ws/install) by extensions ['ignore', 'ignore_ament_install']
[3.623s] Level 1:colcon.colcon_core.package_identification:_identify(/home/river/deliveryRobot_ws/install) by extension 'ignore'
[3.623s] Level 1:colcon.colcon_core.package_identification:_identify(/home/river/deliveryRobot_ws/install) ignored
[3.623s] Level 1:colcon.colcon_core.package_identification:_identify(/home/river/deliveryRobot_ws/log) by extensions ['ignore', 'ignore_ament_install']
[3.623s] Level 1:colcon.colcon_core.package_identification:_identify(/home/river/deliveryRobot_ws/log) by extension 'ignore'
[3.623s] Level 1:colcon.colcon_core.package_identification:_identify(/home/river/deliveryRobot_ws/log) ignored
[3.623s] Level 1:colcon.colcon_core.package_identification:_identify(/home/river/deliveryRobot_ws/src) by extensions ['ignore', 'ignore_ament_install']
[3.623s] Level 1:colcon.colcon_core.package_identification:_identify(/home/river/deliveryRobot_ws/src) by extension 'ignore'
[3.623s] Level 1:colcon.colcon_core.package_identification:_identify(/home/river/deliveryRobot_ws/src) by extension 'ignore_ament_install'
[3.623s] Level 1:colcon.colcon_core.package_identification:_identify(/home/river/deliveryRobot_ws/src) by extensions ['colcon_pkg']
[3.623s] Level 1:colcon.colcon_core.package_identification:_identify(/home/river/deliveryRobot_ws/src) by extension 'colcon_pkg'
[3.623s] Level 1:colcon.colcon_core.package_identification:_identify(/home/river/deliveryRobot_ws/src) by extensions ['colcon_meta']
[3.623s] Level 1:colcon.colcon_core.package_identification:_identify(/home/river/deliveryRobot_ws/src) by extension 'colcon_meta'
[3.624s] Level 1:colcon.colcon_core.package_identification:_identify(/home/river/deliveryRobot_ws/src) by extensions ['ros']
[3.645s] Level 1:colcon.colcon_core.package_identification:_identify(/home/river/deliveryRobot_ws/src) by extension 'ros'
[3.646s] Level 1:colcon.colcon_core.package_identification:_identify(/home/river/deliveryRobot_ws/src) by extensions ['cmake', 'python']
[3.646s] Level 1:colcon.colcon_core.package_identification:_identify(/home/river/deliveryRobot_ws/src) by extension 'cmake'
[3.646s] Level 1:colcon.colcon_core.package_identification:_identify(/home/river/deliveryRobot_ws/src) by extension 'python'
[3.646s] Level 1:colcon.colcon_core.package_identification:_identify(/home/river/deliveryRobot_ws/src) by extensions ['python_setup_py']
[3.646s] Level 1:colcon.colcon_core.package_identification:_identify(/home/river/deliveryRobot_ws/src) by extension 'python_setup_py'
[3.646s] Level 1:colcon.colcon_core.package_identification:_identify(/home/river/deliveryRobot_ws/src/nevigation_pkg_python) by extensions ['ignore', 'ignore_ament_install']
[3.646s] Level 1:colcon.colcon_core.package_identification:_identify(/home/river/deliveryRobot_ws/src/nevigation_pkg_python) by extension 'ignore'
[3.646s] Level 1:colcon.colcon_core.package_identification:_identify(/home/river/deliveryRobot_ws/src/nevigation_pkg_python) by extension 'ignore_ament_install'
[3.646s] Level 1:colcon.colcon_core.package_identification:_identify(/home/river/deliveryRobot_ws/src/nevigation_pkg_python) by extensions ['colcon_pkg']
[3.646s] Level 1:colcon.colcon_core.package_identification:_identify(/home/river/deliveryRobot_ws/src/nevigation_pkg_python) by extension 'colcon_pkg'
[3.646s] Level 1:colcon.colcon_core.package_identification:_identify(/home/river/deliveryRobot_ws/src/nevigation_pkg_python) by extensions ['colcon_meta']
[3.646s] Level 1:colcon.colcon_core.package_identification:_identify(/home/river/deliveryRobot_ws/src/nevigation_pkg_python) by extension 'colcon_meta'
[3.646s] Level 1:colcon.colcon_core.package_identification:_identify(/home/river/deliveryRobot_ws/src/nevigation_pkg_python) by extensions ['ros']
[3.646s] Level 1:colcon.colcon_core.package_identification:_identify(/home/river/deliveryRobot_ws/src/nevigation_pkg_python) by extension 'ros'
[3.649s] DEBUG:colcon.colcon_core.package_identification:Package '/home/river/deliveryRobot_ws/src/nevigation_pkg_python' with type 'ros.ament_python' and name 'nevigation_pkg_python'
[3.649s] Level 1:colcon.colcon_core.package_identification:_identify(/home/river/deliveryRobot_ws/src/slam_gmapping) by extensions ['ignore', 'ignore_ament_install']
[3.650s] Level 1:colcon.colcon_core.package_identification:_identify(/home/river/deliveryRobot_ws/src/slam_gmapping) by extension 'ignore'
[3.650s] Level 1:colcon.colcon_core.package_identification:_identify(/home/river/deliveryRobot_ws/src/slam_gmapping) by extension 'ignore_ament_install'
[3.650s] Level 1:colcon.colcon_core.package_identification:_identify(/home/river/deliveryRobot_ws/src/slam_gmapping) by extensions ['colcon_pkg']
[3.650s] Level 1:colcon.colcon_core.package_identification:_identify(/home/river/deliveryRobot_ws/src/slam_gmapping) by extension 'colcon_pkg'
[3.650s] Level 1:colcon.colcon_core.package_identification:_identify(/home/river/deliveryRobot_ws/src/slam_gmapping) by extensions ['colcon_meta']
[3.650s] Level 1:colcon.colcon_core.package_identification:_identify(/home/river/deliveryRobot_ws/src/slam_gmapping) by extension 'colcon_meta'
[3.650s] Level 1:colcon.colcon_core.package_identification:_identify(/home/river/deliveryRobot_ws/src/slam_gmapping) by extensions ['ros']
[3.650s] Level 1:colcon.colcon_core.package_identification:_identify(/home/river/deliveryRobot_ws/src/slam_gmapping) by extension 'ros'
[3.650s] Level 1:colcon.colcon_core.package_identification:_identify(/home/river/deliveryRobot_ws/src/slam_gmapping) by extensions ['cmake', 'python']
[3.650s] Level 1:colcon.colcon_core.package_identification:_identify(/home/river/deliveryRobot_ws/src/slam_gmapping) by extension 'cmake'
[3.650s] Level 1:colcon.colcon_core.package_identification:_identify(/home/river/deliveryRobot_ws/src/slam_gmapping) by extension 'python'
[3.650s] Level 1:colcon.colcon_core.package_identification:_identify(/home/river/deliveryRobot_ws/src/slam_gmapping) by extensions ['python_setup_py']
[3.650s] Level 1:colcon.colcon_core.package_identification:_identify(/home/river/deliveryRobot_ws/src/slam_gmapping) by extension 'python_setup_py'
[3.650s] Level 1:colcon.colcon_core.package_identification:_identify(/home/river/deliveryRobot_ws/src/slam_gmapping/openslam_gmapping) by extensions ['ignore', 'ignore_ament_install']
[3.650s] Level 1:colcon.colcon_core.package_identification:_identify(/home/river/deliveryRobot_ws/src/slam_gmapping/openslam_gmapping) by extension 'ignore'
[3.650s] Level 1:colcon.colcon_core.package_identification:_identify(/home/river/deliveryRobot_ws/src/slam_gmapping/openslam_gmapping) by extension 'ignore_ament_install'
[3.650s] Level 1:colcon.colcon_core.package_identification:_identify(/home/river/deliveryRobot_ws/src/slam_gmapping/openslam_gmapping) by extensions ['colcon_pkg']
[3.650s] Level 1:colcon.colcon_core.package_identification:_identify(/home/river/deliveryRobot_ws/src/slam_gmapping/openslam_gmapping) by extension 'colcon_pkg'
[3.650s] Level 1:colcon.colcon_core.package_identification:_identify(/home/river/deliveryRobot_ws/src/slam_gmapping/openslam_gmapping) by extensions ['colcon_meta']
[3.650s] Level 1:colcon.colcon_core.package_identification:_identify(/home/river/deliveryRobot_ws/src/slam_gmapping/openslam_gmapping) by extension 'colcon_meta'
[3.651s] Level 1:colcon.colcon_core.package_identification:_identify(/home/river/deliveryRobot_ws/src/slam_gmapping/openslam_gmapping) by extensions ['ros']
[3.651s] Level 1:colcon.colcon_core.package_identification:_identify(/home/river/deliveryRobot_ws/src/slam_gmapping/openslam_gmapping) by extension 'ros'
[3.651s] DEBUG:colcon.colcon_core.package_identification:Package '/home/river/deliveryRobot_ws/src/slam_gmapping/openslam_gmapping' with type 'ros.ament_cmake' and name 'openslam_gmapping'
[3.651s] Level 1:colcon.colcon_core.package_identification:_identify(/home/river/deliveryRobot_ws/src/slam_gmapping/slam_gmapping) by extensions ['ignore', 'ignore_ament_install']
[3.651s] Level 1:colcon.colcon_core.package_identification:_identify(/home/river/deliveryRobot_ws/src/slam_gmapping/slam_gmapping) by extension 'ignore'
[3.651s] Level 1:colcon.colcon_core.package_identification:_identify(/home/river/deliveryRobot_ws/src/slam_gmapping/slam_gmapping) by extension 'ignore_ament_install'
[3.651s] Level 1:colcon.colcon_core.package_identification:_identify(/home/river/deliveryRobot_ws/src/slam_gmapping/slam_gmapping) by extensions ['colcon_pkg']
[3.651s] Level 1:colcon.colcon_core.package_identification:_identify(/home/river/deliveryRobot_ws/src/slam_gmapping/slam_gmapping) by extension 'colcon_pkg'
[3.651s] Level 1:colcon.colcon_core.package_identification:_identify(/home/river/deliveryRobot_ws/src/slam_gmapping/slam_gmapping) by extensions ['colcon_meta']
[3.651s] Level 1:colcon.colcon_core.package_identification:_identify(/home/river/deliveryRobot_ws/src/slam_gmapping/slam_gmapping) by extension 'colcon_meta'
[3.651s] Level 1:colcon.colcon_core.package_identification:_identify(/home/river/deliveryRobot_ws/src/slam_gmapping/slam_gmapping) by extensions ['ros']
[3.651s] Level 1:colcon.colcon_core.package_identification:_identify(/home/river/deliveryRobot_ws/src/slam_gmapping/slam_gmapping) by extension 'ros'
[3.653s] DEBUG:colcon.colcon_core.package_identification:Package '/home/river/deliveryRobot_ws/src/slam_gmapping/slam_gmapping' with type 'ros.ament_cmake' and name 'slam_gmapping'
[3.653s] Level 1:colcon.colcon_core.package_discovery:discover_packages(recursive) using defaults
